0 info it worked if it ends with ok
1 verbose cli [ '/usr/local/bin/node', '/usr/local/bin/npm', 'install' ]
2 info using npm@2.7.4
3 info using node@v0.12.2
4 verbose node symlink /usr/local/bin/node
5 verbose install where, deps [ '/Users/nickchou/Desktop/YouthCenter/YJCApp',
5 verbose install   [ 'grunt-steroids' ] ]
6 verbose install where, peers [ '/Users/nickchou/Desktop/YouthCenter/YJCApp', [] ]
7 info preinstall YJCApp@0.0.0
8 silly cache add args [ 'grunt-steroids@1.x', null ]
9 verbose cache add spec grunt-steroids@1.x
10 silly cache add parsed spec { raw: 'grunt-steroids@1.x',
10 silly cache add   scope: null,
10 silly cache add   name: 'grunt-steroids',
10 silly cache add   rawSpec: '1.x',
10 silly cache add   spec: '>=1.0.0 <2.0.0',
10 silly cache add   type: 'range' }
11 verbose addNamed grunt-steroids@>=1.0.0 <2.0.0
12 silly addNamed semver.valid null
13 silly addNamed semver.validRange >=1.0.0 <2.0.0
14 silly addNameRange { name: 'grunt-steroids',
14 silly addNameRange   range: '>=1.0.0 <2.0.0',
14 silly addNameRange   hasData: false }
15 silly mapToRegistry name grunt-steroids
16 silly mapToRegistry using default registry
17 silly mapToRegistry registry https://registry.npmjs.org/
18 silly mapToRegistry uri https://registry.npmjs.org/grunt-steroids
19 verbose addNameRange registry:https://registry.npmjs.org/grunt-steroids not in flight; fetching
20 verbose request uri https://registry.npmjs.org/grunt-steroids
21 verbose request no auth needed
22 info attempt registry request try #1 at 5:06:51 PM
23 verbose request id 14c973e6a4a1540b
24 verbose etag "1JTXO82XHG56YEY2M5XU344S9"
25 http request GET https://registry.npmjs.org/grunt-steroids
26 http 304 https://registry.npmjs.org/grunt-steroids
27 silly get cb [ 304,
27 silly get   { date: 'Mon, 04 May 2015 22:06:51 GMT',
27 silly get     via: '1.1 varnish',
27 silly get     'last-modified': 'Mon, 04 May 2015 22:06:51 GMT',
27 silly get     'cache-control': 'max-age=60',
27 silly get     etag: '"1JTXO82XHG56YEY2M5XU344S9"',
27 silly get     age: '0',
27 silly get     connection: 'keep-alive',
27 silly get     'x-served-by': 'cache-ord1726-ORD',
27 silly get     'x-cache': 'MISS',
27 silly get     'x-cache-hits': '0',
27 silly get     'x-timer': 'S1430777211.472740,VS0,VE39',
27 silly get     vary: 'Accept' } ]
28 verbose etag https://registry.npmjs.org/grunt-steroids from cache
29 verbose get saving grunt-steroids to /Users/nickchou/.npm/registry.npmjs.org/grunt-steroids/.cache.json
30 silly addNameRange number 2 { name: 'grunt-steroids',
30 silly addNameRange   range: '>=1.0.0 <2.0.0',
30 silly addNameRange   hasData: true }
31 silly addNameRange versions [ 'grunt-steroids',
31 silly addNameRange   [ '0.1.0',
31 silly addNameRange     '0.1.1',
31 silly addNameRange     '0.2.0',
31 silly addNameRange     '0.2.1',
31 silly addNameRange     '0.2.2',
31 silly addNameRange     '0.2.3',
31 silly addNameRange     '1.0.6',
31 silly addNameRange     '1.0.7' ] ]
32 verbose addNamed grunt-steroids@1.0.7
33 silly addNamed semver.valid 1.0.7
34 silly addNamed semver.validRange 1.0.7
35 silly cache afterAdd grunt-steroids@1.0.7
36 verbose afterAdd /Users/nickchou/.npm/grunt-steroids/1.0.7/package/package.json not in flight; writing
37 verbose afterAdd /Users/nickchou/.npm/grunt-steroids/1.0.7/package/package.json written
38 silly install resolved [ { name: 'grunt-steroids',
38 silly install resolved     description: 'Grunt tasks for AppGyver Steroids.',
38 silly install resolved     version: '1.0.7',
38 silly install resolved     homepage: 'http://www.appgyver.com',
38 silly install resolved     author: { name: 'AppGyver', email: 'contact@appgyver.com' },
38 silly install resolved     contributors: [ [Object], [Object], [Object] ],
38 silly install resolved     repository:
38 silly install resolved      { type: 'git',
38 silly install resolved        url: 'git://github.com/AppGyver/grunt-steroids.git' },
38 silly install resolved     bugs: { url: 'https://github.com/AppGyver/grunt-steroids/issues' },
38 silly install resolved     licenses: { type: 'MIT' },
38 silly install resolved     engines: { node: '>= 0.10.0' },
38 silly install resolved     scripts: { test: 'grunt test' },
38 silly install resolved     devDependencies: { grunt: '0.4.5' },
38 silly install resolved     dependencies:
38 silly install resolved      { 'ag-resource-loader-raml': '^1.0.0',
38 silly install resolved        chalk: '0.3.0',
38 silly install resolved        lodash: '2.4.1',
38 silly install resolved        wrench: '1.5.4',
38 silly install resolved        xml2js: '0.4.4' },
38 silly install resolved     peerDependencies:
38 silly install resolved      { grunt: '0.4.5',
38 silly install resolved        'grunt-contrib-copy': '0.7.0',
38 silly install resolved        'grunt-contrib-clean': '0.6.0',
38 silly install resolved        'grunt-contrib-concat': '0.5.0',
38 silly install resolved        'grunt-contrib-coffee': '0.12.0',
38 silly install resolved        'grunt-contrib-sass': '0.8.1',
38 silly install resolved        'grunt-extend-config': '0.9.2' },
38 silly install resolved     keywords: [ 'gruntplugin', 'steroids', 'appgyver' ],
38 silly install resolved     gitHead: '9fc7a49afce0d3b5cf87eeaa9e759ca0f3ade347',
38 silly install resolved     _id: 'grunt-steroids@1.0.7',
38 silly install resolved     _shasum: '037daab98ac93ade1f7e41e07107bef4b9f19f33',
38 silly install resolved     _from: 'grunt-steroids@>=1.0.0 <2.0.0',
38 silly install resolved     _npmVersion: '1.4.28',
38 silly install resolved     _npmUser: { name: 'harsaharsa', email: 'harri.sarsa@appgyver.com' },
38 silly install resolved     maintainers: [ [Object], [Object], [Object] ],
38 silly install resolved     dist:
38 silly install resolved      { shasum: '037daab98ac93ade1f7e41e07107bef4b9f19f33',
38 silly install resolved        tarball: 'http://registry.npmjs.org/grunt-steroids/-/grunt-steroids-1.0.7.tgz' },
38 silly install resolved     directories: {},
38 silly install resolved     _resolved: 'https://registry.npmjs.org/grunt-steroids/-/grunt-steroids-1.0.7.tgz',
38 silly install resolved     readme: 'ERROR: No README data found!' } ]
39 info install grunt-steroids@1.0.7 into /Users/nickchou/Desktop/YouthCenter/YJCApp
40 info installOne grunt-steroids@1.0.7
41 verbose installOne of grunt-steroids to /Users/nickchou/Desktop/YouthCenter/YJCApp not in flight; installing
42 warn locking Error: EACCES, open '/Users/nickchou/.npm/_locks/grunt-steroids-74355e8cbf89b346.lock'
42 warn locking     at Error (native)
42 warn locking  /Users/nickchou/.npm/_locks/grunt-steroids-74355e8cbf89b346.lock failed { [Error: EACCES, open '/Users/nickchou/.npm/_locks/grunt-steroids-74355e8cbf89b346.lock']
42 warn locking   errno: -13,
42 warn locking   code: 'EACCES',
42 warn locking   path: '/Users/nickchou/.npm/_locks/grunt-steroids-74355e8cbf89b346.lock' }
43 verbose stack Error: Attempt to unlock /Users/nickchou/Desktop/YouthCenter/YJCApp/node_modules/grunt-steroids, which hasn't been locked
43 verbose stack     at unlock (/usr/local/lib/node_modules/npm/lib/utils/locker.js:66:11)
43 verbose stack     at cb (/usr/local/lib/node_modules/npm/lib/install.js:1004:5)
43 verbose stack     at /usr/local/lib/node_modules/npm/lib/install.js:1008:20
43 verbose stack     at /usr/local/lib/node_modules/npm/lib/utils/locker.js:40:9
43 verbose stack     at cb (/usr/local/lib/node_modules/npm/node_modules/lockfile/lockfile.js:149:38)
43 verbose stack     at /usr/local/lib/node_modules/npm/node_modules/lockfile/lockfile.js:177:38
43 verbose stack     at FSReqWrap.oncomplete (fs.js:95:15)
44 verbose cwd /Users/nickchou/Desktop/YouthCenter/YJCApp
45 error Darwin 14.3.0
46 error argv "/usr/local/bin/node" "/usr/local/bin/npm" "install"
47 error node v0.12.2
48 error npm  v2.7.4
49 error Attempt to unlock /Users/nickchou/Desktop/YouthCenter/YJCApp/node_modules/grunt-steroids, which hasn't been locked
50 error If you need help, you may report this error at:
50 error     <https://github.com/npm/npm/issues>
51 verbose exit [ 1, true ]
